<?xml version="1.0" encoding="UTF-8"?>
<!-- Generated by org.testng.reporters.JUnitXMLReporter -->
<testsuite hostname="DESKTOP-JIJG880" name="Default test" tests="12" failures="0" timestamp="2 Nov 2015 13:19:15 GMT" time="27.748" errors="0">
  <testcase name="first" time="14.098" classname="galepackage.NewTest1"/>
  <testcase name="second" time="0.971" classname="galepackage.NewTest1"/>
  <testcase name="third" time="2.399" classname="galepackage.NewTest1"/>
  <testcase name="fourth" time="2.07" classname="galepackage.NewTest1"/>
  <testcase name="fifth" time="1.238" classname="galepackage.NewTest1"/>
  <testcase name="sixth" time="1.004" classname="galepackage.NewTest1"/>
  <testcase name="seventh" time="0.474" classname="galepackage.NewTest1"/>
  <testcase name="eighth" time="1.563" classname="galepackage.NewTest1"/>
  <testcase name="ninth" time="0.702" classname="galepackage.NewTest1"/>
  <testcase name="tenth" time="0.759" classname="galepackage.NewTest1"/>
  <testcase name="eleventh" time="1.987" classname="galepackage.NewTest1"/>
  <testcase name="twelfth" time="0.403" classname="galepackage.NewTest1"/>
</testsuite> <!-- Default test -->
